Flutter crash report.
Please report a bug at https://github.com/flutter/flutter/issues.

## command

flutter drive --headless -d chrome --web-port 50000 --driver=test_driver/integration_test_driver.dart --target=test/e2e/suite.dart

## exception

SocketException: SocketException: Connection refused (OS Error: Connection refused, errno = 61), address = localhost, port = 50229

```
#0      _NativeSocket.startConnect (dart:io-patch/socket_patch.dart:822:35)
#1      _RawSocket.startConnect (dart:io-patch/socket_patch.dart:2295:26)
#2      RawSocket.startConnect (dart:io-patch/socket_patch.dart:41:23)
#3      Socket._startConnect (dart:io-patch/socket_patch.dart:2575:22)
#4      Socket.startConnect (dart:io/socket.dart:897:21)
#5      _ConnectionTarget.connect (dart:_http/http_impl.dart:2711:24)
#6      _HttpClient._getConnection.connect (dart:_http/http_impl.dart:3225:12)
#7      _HttpClient._getConnection (dart:_http/http_impl.dart:3230:12)
#8      _HttpClient._openUrl (dart:_http/http_impl.dart:3053:12)
#9      _HttpClient.deleteUrl (dart:_http/http_impl.dart:2895:51)
#10     AsyncIoRequestClient.sendRaw (package:webdriver/src/request/async_io_request_client.dart:33:36)
<asynchronous suspension>
#11     AsyncRequestClient.send (package:webdriver/src/common/request_client.dart:96:33)
<asynchronous suspension>
#12     WebDriver.quit (package:webdriver/src/async/web_driver.dart:133:5)
<asynchronous suspension>
#13     WebDriverService.startTest (package:flutter_tools/src/drive/web_driver_service.dart:215:5)
<asynchronous suspension>
#14     DriveCommand.runCommand (package:flutter_tools/src/commands/drive.dart:371:30)
<asynchronous suspension>
#15     FlutterCommand.run.<anonymous closure> (package:flutter_tools/src/runner/flutter_command.dart:1551:27)
<asynchronous suspension>
#16     AppContext.run.<anonymous closure> (package:flutter_tools/src/base/context.dart:154:19)
<asynchronous suspension>
#17     CommandRunner.runCommand (package:args/command_runner.dart:212:13)
<asynchronous suspension>
#18     FlutterCommandRunner.runCommand.<anonymous closure> (package:flutter_tools/src/runner/flutter_command_runner.dart:494:9)
<asynchronous suspension>
#19     AppContext.run.<anonymous closure> (package:flutter_tools/src/base/context.dart:154:19)
<asynchronous suspension>
#20     FlutterCommandRunner.runCommand (package:flutter_tools/src/runner/flutter_command_runner.dart:431:5)
<asynchronous suspension>
#21     run.<anonymous closure>.<anonymous closure> (package:flutter_tools/runner.dart:98:11)
<asynchronous suspension>
#22     AppContext.run.<anonymous closure> (package:flutter_tools/src/base/context.dart:154:19)
<asynchronous suspension>
#23     main (package:flutter_tools/executable.dart:102:3)
<asynchronous suspension>
```

## flutter doctor

```
[32m[✓][39m Flutter (Channel stable, 3.32.0, on macOS 15.3.2 24D81 darwin-arm64, locale ru-RU) [336ms]
    [32m•[39m Flutter version 3.32.0 on channel stable at /Users/aleksandrivkin/Desktop/flutter
    [32m•[39m Upstream repository https://github.com/flutter/flutter.git
    [32m•[39m Framework revision be698c48a6 (3 days ago), 2025-05-19 12:59:14 -0700
    [32m•[39m Engine revision 1881800949
    [32m•[39m Dart version 3.8.0
    [32m•[39m DevTools version 2.45.1

[32m[✓][39m Android toolchain - develop for Android devices (Android SDK version 35.0.1) [1 531ms]
    [32m•[39m Android SDK at /Users/aleksandrivkin/Library/Android/sdk
    [32m•[39m Platform android-35, build-tools 35.0.1
    [32m•[39m Java binary at: /Applications/Android Studio.app/Contents/jbr/Contents/Home/bin/java
      This is the JDK bundled with the latest Android Studio installation on this machine.
      To manually set the JDK path, use: `flutter config --jdk-dir="path/to/jdk"`.
    [32m•[39m Java version OpenJDK Runtime Environment (build 21.0.5+-13047016-b750.29)
    [32m•[39m All Android licenses accepted.

[32m[✓][39m Xcode - develop for iOS and macOS (Xcode 16.2) [796ms]
    [32m•[39m Xcode at /Applications/Xcode.app/Contents/Developer
    [32m•[39m Build 16C5032a
    [32m•[39m CocoaPods version 1.16.2

[32m[✓][39m Chrome - develop for the web [5ms]
    [32m•[39m Chrome at /Applications/Google Chrome.app/Contents/MacOS/Google Chrome

[32m[✓][39m Android Studio (version 2024.2) [4ms]
    [32m•[39m Android Studio at /Applications/Android Studio.app/Contents
    [32m•[39m Flutter plugin can be installed from:
      🔨 https://plugins.jetbrains.com/plugin/9212-flutter
    [32m•[39m Dart plugin can be installed from:
      🔨 https://plugins.jetbrains.com/plugin/6351-dart
    [32m•[39m Java version OpenJDK Runtime Environment (build 21.0.5+-13047016-b750.29)

[32m[✓][39m Connected device (3 available) [6,0s]
    [32m•[39m iPhone (Александр) (mobile) • 00008120-00044C3C02A2201E • ios            • iOS 18.3.2 22D82
    [32m•[39m macOS (desktop)             • macos                     • darwin-arm64   • macOS 15.3.2 24D81 darwin-arm64
    [32m•[39m Chrome (web)                • chrome                    • web-javascript • Google Chrome 136.0.7103.114

[32m[✓][39m Network resources [317ms]
    [32m•[39m All expected network resources are available.

[32m•[39m No issues found!
```
